<?xml version="1.0" ?>
<coverage version="7.11.0" timestamp="1760829684422" lines-valid="14" lines-covered="3" line-rate="0.2143" branches-covered="0" branches-valid="0" branch-rate="0" complexity="0">
	<!-- Generated by coverage.py: https://coverage.readthedocs.io/en/7.11.0 -->
	<!-- Based on https://raw.githubusercontent.com/cobertura/web/master/htdocs/xml/coverage-04.dtd -->
	<sources>
		<source>/home/colin/Projects/patient_readmission/code</source>
	</sources>
	<packages>
		<package name="astro-airflow.dags" line-rate="0.2143" branch-rate="0" complexity="0">
			<classes>
				<class name="deploy_monitor_dag_bash.py" filename="astro-airflow/dags/deploy_monitor_dag_bash.py" complexity="0" line-rate="0.2143" branch-rate="0">
					<methods/>
					<lines>
						<line number="10" hits="1"/>
						<line number="12" hits="1"/>
						<line number="13" hits="1"/>
						<line number="15" hits="0"/>
						<line number="25" hits="0"/>
						<line number="29" hits="0"/>
						<line number="38" hits="0"/>
						<line number="64" hits="0"/>
						<line number="100" hits="0"/>
						<line number="103" hits="0"/>
						<line number="112" hits="0"/>
						<line number="149" hits="0"/>
						<line number="177" hits="0"/>
						<line number="213" hits="0"/>
					</lines>
				</class>
			</classes>
		</package>
	</packages>
</coverage>
